<?xml version="1.0" encoding="UTF-8"?>
<testsuite xmlns:xsi="http://www.w3.org/2001/XMLSchema-instance" xsi:noNamespaceSchemaLocation="https://maven.apache.org/surefire/maven-surefire-plugin/xsd/surefire-test-report-3.0.xsd" version="3.0" name="TestSuite" time="26.3" tests="5" errors="0" skipped="5" failures="0">
  <properties>
    <property name="java.specification.version" value="15"/>
    <property name="webdriver.chrome.driver" value="/Users/samuel_shen/.cache/selenium/chromedriver/mac64/97.0.4692.71/chromedriver"/>
    <property name="sun.jnu.encoding" value="UTF-8"/>
    <property name="java.class.path" value="/Users/samuel_shen/IdeaProjects/utaf-web/target/test-classes:/Users/samuel_shen/IdeaProjects/utaf-web/target/classes:/Users/samuel_shen/.m2/repository/com/epam/bdd/utaf/utaf-core/1.0-SNAPSHOT/utaf-core-1.0-SNAPSHOT.jar:/Users/samuel_shen/.m2/repository/org/testng/testng/7.4.0/testng-7.4.0.jar:/Users/samuel_shen/.m2/repository/com/beust/jcommander/1.78/jcommander-1.78.jar:/Users/samuel_shen/.m2/repository/org/webjars/jquery/3.5.1/jquery-3.5.1.jar:/Users/samuel_shen/.m2/repository/org/seleniumhq/selenium/selenium-java/3.141.59/selenium-java-3.141.59.jar:/Users/samuel_shen/.m2/repository/org/seleniumhq/selenium/selenium-api/3.141.59/selenium-api-3.141.59.jar:/Users/samuel_shen/.m2/repository/org/seleniumhq/selenium/selenium-chrome-driver/3.141.59/selenium-chrome-driver-3.141.59.jar:/Users/samuel_shen/.m2/repository/org/seleniumhq/selenium/selenium-edge-driver/3.141.59/selenium-edge-driver-3.141.59.jar:/Users/samuel_shen/.m2/repository/org/seleniumhq/selenium/selenium-firefox-driver/3.141.59/selenium-firefox-driver-3.141.59.jar:/Users/samuel_shen/.m2/repository/org/seleniumhq/selenium/selenium-ie-driver/3.141.59/selenium-ie-driver-3.141.59.jar:/Users/samuel_shen/.m2/repository/org/seleniumhq/selenium/selenium-opera-driver/3.141.59/selenium-opera-driver-3.141.59.jar:/Users/samuel_shen/.m2/repository/org/seleniumhq/selenium/selenium-remote-driver/3.141.59/selenium-remote-driver-3.141.59.jar:/Users/samuel_shen/.m2/repository/org/seleniumhq/selenium/selenium-safari-driver/3.141.59/selenium-safari-driver-3.141.59.jar:/Users/samuel_shen/.m2/repository/org/seleniumhq/selenium/selenium-support/3.141.59/selenium-support-3.141.59.jar:/Users/samuel_shen/.m2/repository/net/bytebuddy/byte-buddy/1.8.15/byte-buddy-1.8.15.jar:/Users/samuel_shen/.m2/repository/org/apache/commons/commons-exec/1.3/commons-exec-1.3.jar:/Users/samuel_shen/.m2/repository/com/squareup/okhttp3/okhttp/3.11.0/okhttp-3.11.0.jar:/Users/samuel_shen/.m2/repository/com/squareup/okio/okio/1.14.0/okio-1.14.0.jar:/Users/samuel_shen/.m2/repository/io/github/bonigarcia/webdrivermanager/4.2.0/webdrivermanager-4.2.0.jar:/Users/samuel_shen/.m2/repository/org/apache/commons/commons-lang3/3.11/commons-lang3-3.11.jar:/Users/samuel_shen/.m2/repository/org/apache/httpcomponents/client5/httpclient5/5.0.1/httpclient5-5.0.1.jar:/Users/samuel_shen/.m2/repository/org/apache/httpcomponents/core5/httpcore5/5.0.1/httpcore5-5.0.1.jar:/Users/samuel_shen/.m2/repository/org/apache/httpcomponents/core5/httpcore5-h2/5.0.1/httpcore5-h2-5.0.1.jar:/Users/samuel_shen/.m2/repository/org/rauschig/jarchivelib/1.0.0/jarchivelib-1.0.0.jar:/Users/samuel_shen/.m2/repository/org/jsoup/jsoup/1.13.1/jsoup-1.13.1.jar:/Users/samuel_shen/.m2/repository/io/cucumber/cucumber-java/4.8.1/cucumber-java-4.8.1.jar:/Users/samuel_shen/.m2/repository/io/cucumber/cucumber-core/4.8.1/cucumber-core-4.8.1.jar:/Users/samuel_shen/.m2/repository/io/cucumber/gherkin/5.1.0/gherkin-5.1.0.jar:/Users/samuel_shen/.m2/repository/io/cucumber/tag-expressions/1.1.1/tag-expressions-1.1.1.jar:/Users/samuel_shen/.m2/repository/io/cucumber/cucumber-expressions/7.0.2/cucumber-expressions-7.0.2.jar:/Users/samuel_shen/.m2/repository/io/cucumber/datatable/1.1.14/datatable-1.1.14.jar:/Users/samuel_shen/.m2/repository/io/cucumber/datatable-dependencies/1.1.14/datatable-dependencies-1.1.14.jar:/Users/samuel_shen/.m2/repository/org/apiguardian/apiguardian-api/1.1.0/apiguardian-api-1.1.0.jar:/Users/samuel_shen/.m2/repository/io/cucumber/cucumber-testng/4.8.1/cucumber-testng-4.8.1.jar:/Users/samuel_shen/.m2/repository/ch/qos/logback/logback-core/1.2.3/logback-core-1.2.3.jar:/Users/samuel_shen/.m2/repository/ch/qos/logback/logback-access/1.2.3/logback-access-1.2.3.jar:/Users/samuel_shen/.m2/repository/org/slf4j/slf4j-api/1.7.30/slf4j-api-1.7.30.jar:/Users/samuel_shen/.m2/repository/net/sourceforge/javacsv/javacsv/2.0/javacsv-2.0.jar:/Users/samuel_shen/.m2/repository/io/qameta/allure/allure-cucumber4-jvm/2.13.9/allure-cucumber4-jvm-2.13.9.jar:/Users/samuel_shen/.m2/repository/io/qameta/allure/allure-java-commons/2.13.9/allure-java-commons-2.13.9.jar:/Users/samuel_shen/.m2/repository/io/qameta/allure/allure-model/2.13.9/allure-model-2.13.9.jar:/Users/samuel_shen/.m2/repository/com/fasterxml/jackson/core/jackson-databind/2.12.2/jackson-databind-2.12.2.jar:/Users/samuel_shen/.m2/repository/com/fasterxml/jackson/core/jackson-core/2.12.2/jackson-core-2.12.2.jar:/Users/samuel_shen/.m2/repository/org/apache/tika/tika-core/1.25/tika-core-1.25.jar:/Users/samuel_shen/.m2/repository/org/jooq/joor-java-8/0.9.13/joor-java-8-0.9.13.jar:/Users/samuel_shen/.m2/repository/io/appium/java-client/7.6.0/java-client-7.6.0.jar:/Users/samuel_shen/.m2/repository/org/apache/httpcomponents/httpclient/4.5.13/httpclient-4.5.13.jar:/Users/samuel_shen/.m2/repository/org/apache/httpcomponents/httpcore/4.4.13/httpcore-4.4.13.jar:/Users/samuel_shen/.m2/repository/commons-logging/commons-logging/1.2/commons-logging-1.2.jar:/Users/samuel_shen/.m2/repository/cglib/cglib/3.3.0/cglib-3.3.0.jar:/Users/samuel_shen/.m2/repository/org/ow2/asm/asm/7.1/asm-7.1.jar:/Users/samuel_shen/.m2/repository/commons-validator/commons-validator/1.7/commons-validator-1.7.jar:/Users/samuel_shen/.m2/repository/commons-beanutils/commons-beanutils/1.9.4/commons-beanutils-1.9.4.jar:/Users/samuel_shen/.m2/repository/commons-digester/commons-digester/2.1/commons-digester-2.1.jar:/Users/samuel_shen/.m2/repository/commons-collections/commons-collections/3.2.2/commons-collections-3.2.2.jar:/Users/samuel_shen/.m2/repository/org/springframework/spring-context/5.3.10/spring-context-5.3.10.jar:/Users/samuel_shen/.m2/repository/org/springframework/spring-aop/5.3.10/spring-aop-5.3.10.jar:/Users/samuel_shen/.m2/repository/org/springframework/spring-beans/5.3.10/spring-beans-5.3.10.jar:/Users/samuel_shen/.m2/repository/org/springframework/spring-core/5.3.10/spring-core-5.3.10.jar:/Users/samuel_shen/.m2/repository/org/springframework/spring-jcl/5.3.10/spring-jcl-5.3.10.jar:/Users/samuel_shen/.m2/repository/org/springframework/spring-expression/5.3.10/spring-expression-5.3.10.jar:/Users/samuel_shen/.m2/repository/org/aspectj/aspectjweaver/1.9.7/aspectjweaver-1.9.7.jar:/Users/samuel_shen/.m2/repository/com/google/code/gson/gson/2.8.2/gson-2.8.2.jar:/Users/samuel_shen/.m2/repository/com/google/guava/guava/22.0/guava-22.0.jar:/Users/samuel_shen/.m2/repository/com/google/code/findbugs/jsr305/1.3.9/jsr305-1.3.9.jar:/Users/samuel_shen/.m2/repository/com/google/errorprone/error_prone_annotations/2.0.18/error_prone_annotations-2.0.18.jar:/Users/samuel_shen/.m2/repository/com/google/j2objc/j2objc-annotations/1.1/j2objc-annotations-1.1.jar:/Users/samuel_shen/.m2/repository/org/codehaus/mojo/animal-sniffer-annotations/1.14/animal-sniffer-annotations-1.14.jar:/Users/samuel_shen/.m2/repository/com/alibaba/fastjson/1.2.73/fastjson-1.2.73.jar:/Users/samuel_shen/.m2/repository/commons-io/commons-io/2.4/commons-io-2.4.jar:/Users/samuel_shen/.m2/repository/com/google/inject/guice/4.2.2/guice-4.2.2.jar:/Users/samuel_shen/.m2/repository/javax/inject/javax.inject/1/javax.inject-1.jar:/Users/samuel_shen/.m2/repository/aopalliance/aopalliance/1.0/aopalliance-1.0.jar:/Users/samuel_shen/.m2/repository/org/apache/poi/poi-ooxml/4.1.2/poi-ooxml-4.1.2.jar:/Users/samuel_shen/.m2/repository/org/apache/poi/poi/4.1.2/poi-4.1.2.jar:/Users/samuel_shen/.m2/repository/org/apache/commons/commons-collections4/4.4/commons-collections4-4.4.jar:/Users/samuel_shen/.m2/repository/org/apache/commons/commons-math3/3.6.1/commons-math3-3.6.1.jar:/Users/samuel_shen/.m2/repository/com/zaxxer/SparseBitSet/1.2/SparseBitSet-1.2.jar:/Users/samuel_shen/.m2/repository/org/apache/poi/poi-ooxml-schemas/4.1.2/poi-ooxml-schemas-4.1.2.jar:/Users/samuel_shen/.m2/repository/org/apache/xmlbeans/xmlbeans/3.1.0/xmlbeans-3.1.0.jar:/Users/samuel_shen/.m2/repository/org/apache/commons/commons-compress/1.19/commons-compress-1.19.jar:/Users/samuel_shen/.m2/repository/com/github/virtuald/curvesapi/1.06/curvesapi-1.06.jar:/Users/samuel_shen/.m2/repository/com/jayway/jsonpath/json-path/2.4.0/json-path-2.4.0.jar:/Users/samuel_shen/.m2/repository/net/minidev/json-smart/2.3/json-smart-2.3.jar:/Users/samuel_shen/.m2/repository/net/minidev/accessors-smart/1.2/accessors-smart-1.2.jar:/Users/samuel_shen/.m2/repository/com/epam/reportportal/agent-java-testng/5.0.8/agent-java-testng-5.0.8.jar:/Users/samuel_shen/.m2/repository/com/epam/reportportal/client-java/5.0.12/client-java-5.0.12.jar:/Users/samuel_shen/.m2/repository/org/aspectj/aspectjrt/1.9.2/aspectjrt-1.9.2.jar:/Users/samuel_shen/.m2/repository/io/reactivex/rxjava2/rxjava/2.2.10/rxjava-2.2.10.jar:/Users/samuel_shen/.m2/repository/org/reactivestreams/reactive-streams/1.0.2/reactive-streams-1.0.2.jar:/Users/samuel_shen/.m2/repository/com/epam/reportportal/commons-model/5.0.0/commons-model-5.0.0.jar:/Users/samuel_shen/.m2/repository/io/swagger/swagger-annotations/1.5.24/swagger-annotations-1.5.24.jar:/Users/samuel_shen/.m2/repository/javax/validation/validation-api/2.0.1.Final/validation-api-2.0.1.Final.jar:/Users/samuel_shen/.m2/repository/com/epam/reportportal/logger-java-logback/5.0.3/logger-java-logback-5.0.3.jar:/Users/samuel_shen/.m2/repository/ch/qos/logback/logback-classic/1.2.3/logback-classic-1.2.3.jar:/Users/samuel_shen/.m2/repository/io/rest-assured/rest-assured/4.3.3/rest-assured-4.3.3.jar:/Users/samuel_shen/.m2/repository/org/codehaus/groovy/groovy/3.0.7/groovy-3.0.7.jar:/Users/samuel_shen/.m2/repository/org/codehaus/groovy/groovy-xml/3.0.7/groovy-xml-3.0.7.jar:/Users/samuel_shen/.m2/repository/org/apache/httpcomponents/httpmime/4.5.3/httpmime-4.5.3.jar:/Users/samuel_shen/.m2/repository/org/hamcrest/hamcrest/2.1/hamcrest-2.1.jar:/Users/samuel_shen/.m2/repository/org/ccil/cowan/tagsoup/tagsoup/1.2.1/tagsoup-1.2.1.jar:/Users/samuel_shen/.m2/repository/io/rest-assured/json-path/4.3.3/json-path-4.3.3.jar:/Users/samuel_shen/.m2/repository/org/codehaus/groovy/groovy-json/3.0.7/groovy-json-3.0.7.jar:/Users/samuel_shen/.m2/repository/io/rest-assured/rest-assured-common/4.3.3/rest-assured-common-4.3.3.jar:/Users/samuel_shen/.m2/repository/io/rest-assured/xml-path/4.3.3/xml-path-4.3.3.jar:/Users/samuel_shen/.m2/repository/jakarta/xml/bind/jakarta.xml.bind-api/2.3.3/jakarta.xml.bind-api-2.3.3.jar:/Users/samuel_shen/.m2/repository/jakarta/activation/jakarta.activation-api/1.2.2/jakarta.activation-api-1.2.2.jar:/Users/samuel_shen/.m2/repository/com/sun/xml/bind/jaxb-impl/2.3.3/jaxb-impl-2.3.3.jar:/Users/samuel_shen/.m2/repository/commons-codec/commons-codec/1.15/commons-codec-1.15.jar:/Users/samuel_shen/.m2/repository/javax/xml/bind/jaxb-api/2.3.1/jaxb-api-2.3.1.jar:/Users/samuel_shen/.m2/repository/javax/activation/javax.activation-api/1.2.0/javax.activation-api-1.2.0.jar:/Users/samuel_shen/.m2/repository/org/assertj/assertj-core/3.19.0/assertj-core-3.19.0.jar:/Users/samuel_shen/.m2/repository/com/github/javafaker/javafaker/1.0.1/javafaker-1.0.1.jar:/Users/samuel_shen/.m2/repository/org/yaml/snakeyaml/1.23/snakeyaml-1.23-android.jar:/Users/samuel_shen/.m2/repository/com/github/mifmif/generex/1.0.2/generex-1.0.2.jar:/Users/samuel_shen/.m2/repository/dk/brics/automaton/automaton/1.11-8/automaton-1.11-8.jar:/Users/samuel_shen/.m2/repository/com/fasterxml/jackson/core/jackson-annotations/2.12.2/jackson-annotations-2.12.2.jar:/Users/samuel_shen/.m2/repository/net/lingala/zip4j/zip4j/2.7.0/zip4j-2.7.0.jar:/Users/samuel_shen/.m2/repository/org/json/json/20210307/json-20210307.jar:/Users/samuel_shen/.m2/repository/com/epam/reportportal/agent-java-cucumber4/5.0.3/agent-java-cucumber4-5.0.3.jar:/Users/samuel_shen/.m2/repository/org/projectlombok/lombok/1.18.10/lombok-1.18.10.jar:"/>
    <property name="java.vm.vendor" value="Oracle Corporation"/>
    <property name="sun.arch.data.model" value="64"/>
    <property name="java.vendor.url" value="https://java.oracle.com/"/>
    <property name="user.timezone" value="Asia/Shanghai"/>
    <property name="rp.launch.id" value="278cc21e-5d00-4c10-8d89-a7eefd93193a"/>
    <property name="os.name" value="Mac OS X"/>
    <property name="java.vm.specification.version" value="15"/>
    <property name="sun.java.launcher" value="SUN_STANDARD"/>
    <property name="user.country" value="CN"/>
    <property name="allure.link.issue.pattern" value="https://example.org/browse/{}"/>
    <property name="sun.boot.library.path" value="/Library/Java/JavaVirtualMachines/jdk-15.0.1.jdk/Contents/Home/lib"/>
    <property name="sun.java.command" value="/Users/samuel_shen/IdeaProjects/utaf-web/target/surefire/surefirebooter18108172328180560020.jar /Users/samuel_shen/IdeaProjects/utaf-web/target/surefire 2022-01-13T11-36-41_188-jvmRun1 surefire749309248750454480tmp surefire_08886378640687741598tmp"/>
    <property name="jdk.debug" value="release"/>
    <property name="surefire.test.class.path" value="/Users/samuel_shen/IdeaProjects/utaf-web/target/test-classes:/Users/samuel_shen/IdeaProjects/utaf-web/target/classes:/Users/samuel_shen/.m2/repository/com/epam/bdd/utaf/utaf-core/1.0-SNAPSHOT/utaf-core-1.0-SNAPSHOT.jar:/Users/samuel_shen/.m2/repository/org/testng/testng/7.4.0/testng-7.4.0.jar:/Users/samuel_shen/.m2/repository/com/beust/jcommander/1.78/jcommander-1.78.jar:/Users/samuel_shen/.m2/repository/org/webjars/jquery/3.5.1/jquery-3.5.1.jar:/Users/samuel_shen/.m2/repository/org/seleniumhq/selenium/selenium-java/3.141.59/selenium-java-3.141.59.jar:/Users/samuel_shen/.m2/repository/org/seleniumhq/selenium/selenium-api/3.141.59/selenium-api-3.141.59.jar:/Users/samuel_shen/.m2/repository/org/seleniumhq/selenium/selenium-chrome-driver/3.141.59/selenium-chrome-driver-3.141.59.jar:/Users/samuel_shen/.m2/repository/org/seleniumhq/selenium/selenium-edge-driver/3.141.59/selenium-edge-driver-3.141.59.jar:/Users/samuel_shen/.m2/repository/org/seleniumhq/selenium/selenium-firefox-driver/3.141.59/selenium-firefox-driver-3.141.59.jar:/Users/samuel_shen/.m2/repository/org/seleniumhq/selenium/selenium-ie-driver/3.141.59/selenium-ie-driver-3.141.59.jar:/Users/samuel_shen/.m2/repository/org/seleniumhq/selenium/selenium-opera-driver/3.141.59/selenium-opera-driver-3.141.59.jar:/Users/samuel_shen/.m2/repository/org/seleniumhq/selenium/selenium-remote-driver/3.141.59/selenium-remote-driver-3.141.59.jar:/Users/samuel_shen/.m2/repository/org/seleniumhq/selenium/selenium-safari-driver/3.141.59/selenium-safari-driver-3.141.59.jar:/Users/samuel_shen/.m2/repository/org/seleniumhq/selenium/selenium-support/3.141.59/selenium-support-3.141.59.jar:/Users/samuel_shen/.m2/repository/net/bytebuddy/byte-buddy/1.8.15/byte-buddy-1.8.15.jar:/Users/samuel_shen/.m2/repository/org/apache/commons/commons-exec/1.3/commons-exec-1.3.jar:/Users/samuel_shen/.m2/repository/com/squareup/okhttp3/okhttp/3.11.0/okhttp-3.11.0.jar:/Users/samuel_shen/.m2/repository/com/squareup/okio/okio/1.14.0/okio-1.14.0.jar:/Users/samuel_shen/.m2/repository/io/github/bonigarcia/webdrivermanager/4.2.0/webdrivermanager-4.2.0.jar:/Users/samuel_shen/.m2/repository/org/apache/commons/commons-lang3/3.11/commons-lang3-3.11.jar:/Users/samuel_shen/.m2/repository/org/apache/httpcomponents/client5/httpclient5/5.0.1/httpclient5-5.0.1.jar:/Users/samuel_shen/.m2/repository/org/apache/httpcomponents/core5/httpcore5/5.0.1/httpcore5-5.0.1.jar:/Users/samuel_shen/.m2/repository/org/apache/httpcomponents/core5/httpcore5-h2/5.0.1/httpcore5-h2-5.0.1.jar:/Users/samuel_shen/.m2/repository/org/rauschig/jarchivelib/1.0.0/jarchivelib-1.0.0.jar:/Users/samuel_shen/.m2/repository/org/jsoup/jsoup/1.13.1/jsoup-1.13.1.jar:/Users/samuel_shen/.m2/repository/io/cucumber/cucumber-java/4.8.1/cucumber-java-4.8.1.jar:/Users/samuel_shen/.m2/repository/io/cucumber/cucumber-core/4.8.1/cucumber-core-4.8.1.jar:/Users/samuel_shen/.m2/repository/io/cucumber/gherkin/5.1.0/gherkin-5.1.0.jar:/Users/samuel_shen/.m2/repository/io/cucumber/tag-expressions/1.1.1/tag-expressions-1.1.1.jar:/Users/samuel_shen/.m2/repository/io/cucumber/cucumber-expressions/7.0.2/cucumber-expressions-7.0.2.jar:/Users/samuel_shen/.m2/repository/io/cucumber/datatable/1.1.14/datatable-1.1.14.jar:/Users/samuel_shen/.m2/repository/io/cucumber/datatable-dependencies/1.1.14/datatable-dependencies-1.1.14.jar:/Users/samuel_shen/.m2/repository/org/apiguardian/apiguardian-api/1.1.0/apiguardian-api-1.1.0.jar:/Users/samuel_shen/.m2/repository/io/cucumber/cucumber-testng/4.8.1/cucumber-testng-4.8.1.jar:/Users/samuel_shen/.m2/repository/ch/qos/logback/logback-core/1.2.3/logback-core-1.2.3.jar:/Users/samuel_shen/.m2/repository/ch/qos/logback/logback-access/1.2.3/logback-access-1.2.3.jar:/Users/samuel_shen/.m2/repository/org/slf4j/slf4j-api/1.7.30/slf4j-api-1.7.30.jar:/Users/samuel_shen/.m2/repository/net/sourceforge/javacsv/javacsv/2.0/javacsv-2.0.jar:/Users/samuel_shen/.m2/repository/io/qameta/allure/allure-cucumber4-jvm/2.13.9/allure-cucumber4-jvm-2.13.9.jar:/Users/samuel_shen/.m2/repository/io/qameta/allure/allure-java-commons/2.13.9/allure-java-commons-2.13.9.jar:/Users/samuel_shen/.m2/repository/io/qameta/allure/allure-model/2.13.9/allure-model-2.13.9.jar:/Users/samuel_shen/.m2/repository/com/fasterxml/jackson/core/jackson-databind/2.12.2/jackson-databind-2.12.2.jar:/Users/samuel_shen/.m2/repository/com/fasterxml/jackson/core/jackson-core/2.12.2/jackson-core-2.12.2.jar:/Users/samuel_shen/.m2/repository/org/apache/tika/tika-core/1.25/tika-core-1.25.jar:/Users/samuel_shen/.m2/repository/org/jooq/joor-java-8/0.9.13/joor-java-8-0.9.13.jar:/Users/samuel_shen/.m2/repository/io/appium/java-client/7.6.0/java-client-7.6.0.jar:/Users/samuel_shen/.m2/repository/org/apache/httpcomponents/httpclient/4.5.13/httpclient-4.5.13.jar:/Users/samuel_shen/.m2/repository/org/apache/httpcomponents/httpcore/4.4.13/httpcore-4.4.13.jar:/Users/samuel_shen/.m2/repository/commons-logging/commons-logging/1.2/commons-logging-1.2.jar:/Users/samuel_shen/.m2/repository/cglib/cglib/3.3.0/cglib-3.3.0.jar:/Users/samuel_shen/.m2/repository/org/ow2/asm/asm/7.1/asm-7.1.jar:/Users/samuel_shen/.m2/repository/commons-validator/commons-validator/1.7/commons-validator-1.7.jar:/Users/samuel_shen/.m2/repository/commons-beanutils/commons-beanutils/1.9.4/commons-beanutils-1.9.4.jar:/Users/samuel_shen/.m2/repository/commons-digester/commons-digester/2.1/commons-digester-2.1.jar:/Users/samuel_shen/.m2/repository/commons-collections/commons-collections/3.2.2/commons-collections-3.2.2.jar:/Users/samuel_shen/.m2/repository/org/springframework/spring-context/5.3.10/spring-context-5.3.10.jar:/Users/samuel_shen/.m2/repository/org/springframework/spring-aop/5.3.10/spring-aop-5.3.10.jar:/Users/samuel_shen/.m2/repository/org/springframework/spring-beans/5.3.10/spring-beans-5.3.10.jar:/Users/samuel_shen/.m2/repository/org/springframework/spring-core/5.3.10/spring-core-5.3.10.jar:/Users/samuel_shen/.m2/repository/org/springframework/spring-jcl/5.3.10/spring-jcl-5.3.10.jar:/Users/samuel_shen/.m2/repository/org/springframework/spring-expression/5.3.10/spring-expression-5.3.10.jar:/Users/samuel_shen/.m2/repository/org/aspectj/aspectjweaver/1.9.7/aspectjweaver-1.9.7.jar:/Users/samuel_shen/.m2/repository/com/google/code/gson/gson/2.8.2/gson-2.8.2.jar:/Users/samuel_shen/.m2/repository/com/google/guava/guava/22.0/guava-22.0.jar:/Users/samuel_shen/.m2/repository/com/google/code/findbugs/jsr305/1.3.9/jsr305-1.3.9.jar:/Users/samuel_shen/.m2/repository/com/google/errorprone/error_prone_annotations/2.0.18/error_prone_annotations-2.0.18.jar:/Users/samuel_shen/.m2/repository/com/google/j2objc/j2objc-annotations/1.1/j2objc-annotations-1.1.jar:/Users/samuel_shen/.m2/repository/org/codehaus/mojo/animal-sniffer-annotations/1.14/animal-sniffer-annotations-1.14.jar:/Users/samuel_shen/.m2/repository/com/alibaba/fastjson/1.2.73/fastjson-1.2.73.jar:/Users/samuel_shen/.m2/repository/commons-io/commons-io/2.4/commons-io-2.4.jar:/Users/samuel_shen/.m2/repository/com/google/inject/guice/4.2.2/guice-4.2.2.jar:/Users/samuel_shen/.m2/repository/javax/inject/javax.inject/1/javax.inject-1.jar:/Users/samuel_shen/.m2/repository/aopalliance/aopalliance/1.0/aopalliance-1.0.jar:/Users/samuel_shen/.m2/repository/org/apache/poi/poi-ooxml/4.1.2/poi-ooxml-4.1.2.jar:/Users/samuel_shen/.m2/repository/org/apache/poi/poi/4.1.2/poi-4.1.2.jar:/Users/samuel_shen/.m2/repository/org/apache/commons/commons-collections4/4.4/commons-collections4-4.4.jar:/Users/samuel_shen/.m2/repository/org/apache/commons/commons-math3/3.6.1/commons-math3-3.6.1.jar:/Users/samuel_shen/.m2/repository/com/zaxxer/SparseBitSet/1.2/SparseBitSet-1.2.jar:/Users/samuel_shen/.m2/repository/org/apache/poi/poi-ooxml-schemas/4.1.2/poi-ooxml-schemas-4.1.2.jar:/Users/samuel_shen/.m2/repository/org/apache/xmlbeans/xmlbeans/3.1.0/xmlbeans-3.1.0.jar:/Users/samuel_shen/.m2/repository/org/apache/commons/commons-compress/1.19/commons-compress-1.19.jar:/Users/samuel_shen/.m2/repository/com/github/virtuald/curvesapi/1.06/curvesapi-1.06.jar:/Users/samuel_shen/.m2/repository/com/jayway/jsonpath/json-path/2.4.0/json-path-2.4.0.jar:/Users/samuel_shen/.m2/repository/net/minidev/json-smart/2.3/json-smart-2.3.jar:/Users/samuel_shen/.m2/repository/net/minidev/accessors-smart/1.2/accessors-smart-1.2.jar:/Users/samuel_shen/.m2/repository/com/epam/reportportal/agent-java-testng/5.0.8/agent-java-testng-5.0.8.jar:/Users/samuel_shen/.m2/repository/com/epam/reportportal/client-java/5.0.12/client-java-5.0.12.jar:/Users/samuel_shen/.m2/repository/org/aspectj/aspectjrt/1.9.2/aspectjrt-1.9.2.jar:/Users/samuel_shen/.m2/repository/io/reactivex/rxjava2/rxjava/2.2.10/rxjava-2.2.10.jar:/Users/samuel_shen/.m2/repository/org/reactivestreams/reactive-streams/1.0.2/reactive-streams-1.0.2.jar:/Users/samuel_shen/.m2/repository/com/epam/reportportal/commons-model/5.0.0/commons-model-5.0.0.jar:/Users/samuel_shen/.m2/repository/io/swagger/swagger-annotations/1.5.24/swagger-annotations-1.5.24.jar:/Users/samuel_shen/.m2/repository/javax/validation/validation-api/2.0.1.Final/validation-api-2.0.1.Final.jar:/Users/samuel_shen/.m2/repository/com/epam/reportportal/logger-java-logback/5.0.3/logger-java-logback-5.0.3.jar:/Users/samuel_shen/.m2/repository/ch/qos/logback/logback-classic/1.2.3/logback-classic-1.2.3.jar:/Users/samuel_shen/.m2/repository/io/rest-assured/rest-assured/4.3.3/rest-assured-4.3.3.jar:/Users/samuel_shen/.m2/repository/org/codehaus/groovy/groovy/3.0.7/groovy-3.0.7.jar:/Users/samuel_shen/.m2/repository/org/codehaus/groovy/groovy-xml/3.0.7/groovy-xml-3.0.7.jar:/Users/samuel_shen/.m2/repository/org/apache/httpcomponents/httpmime/4.5.3/httpmime-4.5.3.jar:/Users/samuel_shen/.m2/repository/org/hamcrest/hamcrest/2.1/hamcrest-2.1.jar:/Users/samuel_shen/.m2/repository/org/ccil/cowan/tagsoup/tagsoup/1.2.1/tagsoup-1.2.1.jar:/Users/samuel_shen/.m2/repository/io/rest-assured/json-path/4.3.3/json-path-4.3.3.jar:/Users/samuel_shen/.m2/repository/org/codehaus/groovy/groovy-json/3.0.7/groovy-json-3.0.7.jar:/Users/samuel_shen/.m2/repository/io/rest-assured/rest-assured-common/4.3.3/rest-assured-common-4.3.3.jar:/Users/samuel_shen/.m2/repository/io/rest-assured/xml-path/4.3.3/xml-path-4.3.3.jar:/Users/samuel_shen/.m2/repository/jakarta/xml/bind/jakarta.xml.bind-api/2.3.3/jakarta.xml.bind-api-2.3.3.jar:/Users/samuel_shen/.m2/repository/jakarta/activation/jakarta.activation-api/1.2.2/jakarta.activation-api-1.2.2.jar:/Users/samuel_shen/.m2/repository/com/sun/xml/bind/jaxb-impl/2.3.3/jaxb-impl-2.3.3.jar:/Users/samuel_shen/.m2/repository/commons-codec/commons-codec/1.15/commons-codec-1.15.jar:/Users/samuel_shen/.m2/repository/javax/xml/bind/jaxb-api/2.3.1/jaxb-api-2.3.1.jar:/Users/samuel_shen/.m2/repository/javax/activation/javax.activation-api/1.2.0/javax.activation-api-1.2.0.jar:/Users/samuel_shen/.m2/repository/org/assertj/assertj-core/3.19.0/assertj-core-3.19.0.jar:/Users/samuel_shen/.m2/repository/com/github/javafaker/javafaker/1.0.1/javafaker-1.0.1.jar:/Users/samuel_shen/.m2/repository/org/yaml/snakeyaml/1.23/snakeyaml-1.23-android.jar:/Users/samuel_shen/.m2/repository/com/github/mifmif/generex/1.0.2/generex-1.0.2.jar:/Users/samuel_shen/.m2/repository/dk/brics/automaton/automaton/1.11-8/automaton-1.11-8.jar:/Users/samuel_shen/.m2/repository/com/fasterxml/jackson/core/jackson-annotations/2.12.2/jackson-annotations-2.12.2.jar:/Users/samuel_shen/.m2/repository/net/lingala/zip4j/zip4j/2.7.0/zip4j-2.7.0.jar:/Users/samuel_shen/.m2/repository/org/json/json/20210307/json-20210307.jar:/Users/samuel_shen/.m2/repository/com/epam/reportportal/agent-java-cucumber4/5.0.3/agent-java-cucumber4-5.0.3.jar:/Users/samuel_shen/.m2/repository/org/projectlombok/lombok/1.18.10/lombok-1.18.10.jar:"/>
    <property name="sun.cpu.endian" value="little"/>
    <property name="allure.results.directory" value="target/allure-results"/>
    <property name="user.home" value="/Users/samuel_shen"/>
    <property name="user.language" value="en"/>
    <property name="java.specification.vendor" value="Oracle Corporation"/>
    <property name="java.version.date" value="2020-10-20"/>
    <property name="java.home" value="/Library/Java/JavaVirtualMachines/jdk-15.0.1.jdk/Contents/Home"/>
    <property name="file.separator" value="/"/>
    <property name="allure.link.tms.pattern" value="https://example.org/browse/{}"/>
    <property name="basedir" value="/Users/samuel_shen/IdeaProjects/utaf-web"/>
    <property name="java.vm.compressedOopsMode" value="Zero based"/>
    <property name="line.separator" value="&#10;"/>
    <property name="java.specification.name" value="Java Platform API Specification"/>
    <property name="java.vm.specification.vendor" value="Oracle Corporation"/>
    <property name="wda" value=""/>
    <property name="surefire.real.class.path" value="/Users/samuel_shen/IdeaProjects/utaf-web/target/surefire/surefirebooter18108172328180560020.jar"/>
    <property name="sun.management.compiler" value="HotSpot 64-Bit Tiered Compilers"/>
    <property name="java.runtime.version" value="15.0.1+9-18"/>
    <property name="user.name" value="samuel_shen"/>
    <property name="path.separator" value=":"/>
    <property name="platform" value="chrome"/>
    <property name="os.version" value="10.16"/>
    <property name="java.runtime.name" value="Java(TM) SE Runtime Environment"/>
    <property name="file.encoding" value="UTF-8"/>
    <property name="java.vm.name" value="Java HotSpot(TM) 64-Bit Server VM"/>
    <property name="testngXmlFile" value="src/test/resources/testng-web.xml"/>
    <property name="localRepository" value="/Users/samuel_shen/.m2/repository"/>
    <property name="cucumber.options" value="--plugin io.qameta.allure.cucumber4jvm.AllureCucumber4Jvm"/>
    <property name="java.vendor.url.bug" value="https://bugreport.java.com/bugreport/"/>
    <property name="java.io.tmpdir" value="/var/folders/wz/5yn7ly151rdcw_b41y49fqcr0000gn/T/"/>
    <property name="java.version" value="15.0.1"/>
    <property name="user.dir" value="/Users/samuel_shen/IdeaProjects/utaf-web"/>
    <property name="os.arch" value="x86_64"/>
    <property name="java.vm.specification.name" value="Java Virtual Machine Specification"/>
    <property name="env" value="local"/>
    <property name="environment" value="local"/>
    <property name="java.library.path" value="/Users/samuel_shen/Library/Java/Extensions:/Library/Java/Extensions:/Network/Library/Java/Extensions:/System/Library/Java/Extensions:/usr/lib/java:."/>
    <property name="java.vm.info" value="mixed mode, sharing"/>
    <property name="java.vendor" value="Oracle Corporation"/>
    <property name="java.vm.version" value="15.0.1+9-18"/>
    <property name="sun.io.unicode.encoding" value="UnicodeBig"/>
    <property name="java.class.version" value="59.0"/>
  </properties>
  <testcase name="runScenario[&quot;Login github website&quot;, &quot;Create new repository&quot;](1)" classname="com.epam.bdd.utaf.web.runners.WebTestRunner" time="0">
    <skipped message="There are undefined steps"/>
    <system-out><![CDATA[11:36:42,464 |-INFO in ch.qos.logback.classic.LoggerContext[default] - Could NOT find resource [logback-test.xml]
11:36:42,464 |-INFO in ch.qos.logback.classic.LoggerContext[default] - Could NOT find resource [logback.groovy]
11:36:42,464 |-INFO in ch.qos.logback.classic.LoggerContext[default] - Found resource [logback.xml] at [jar:file:/Users/samuel_shen/.m2/repository/com/epam/bdd/utaf/utaf-core/1.0-SNAPSHOT/utaf-core-1.0-SNAPSHOT.jar!/logback.xml]
11:36:42,500 |-INFO in ch.qos.logback.core.joran.spi.ConfigurationWatchList@3efe7086 - URL [jar:file:/Users/samuel_shen/.m2/repository/com/epam/bdd/utaf/utaf-core/1.0-SNAPSHOT/utaf-core-1.0-SNAPSHOT.jar!/logback.xml] is not of type file
11:36:42,552 |-INFO in ch.qos.logback.classic.joran.action.ConfigurationAction - debug attribute not set
11:36:42,572 |-INFO in ch.qos.logback.core.joran.action.AppenderAction - About to instantiate appender of type [ch.qos.logback.core.ConsoleAppender]
11:36:42,579 |-INFO in ch.qos.logback.core.joran.action.AppenderAction - Naming appender as [STDOUT]
11:36:42,590 |-INFO in ch.qos.logback.core.joran.action.NestedComplexPropertyIA - Assuming default type [ch.qos.logback.classic.encoder.PatternLayoutEncoder] for [encoder] property
11:36:42,710 |-INFO in ch.qos.logback.core.joran.action.AppenderAction - About to instantiate appender of type [ch.qos.logback.core.rolling.RollingFileAppender]
11:36:42,738 |-INFO in ch.qos.logback.core.joran.action.AppenderAction - Naming appender as [FILE]
11:36:42,778 |-INFO in c.q.l.core.rolling.TimeBasedRollingPolicy@1734184086 - No compression will be used
11:36:42,781 |-INFO in c.q.l.core.rolling.TimeBasedRollingPolicy@1734184086 - Will use the pattern logs/test-%d{yyyy-MM-dd}-%i.log for the active file
11:36:42,787 |-INFO in ch.qos.logback.core.rolling.SizeAndTimeBasedFNATP@741b3bc3 - The date pattern is 'yyyy-MM-dd' from file name pattern 'logs/test-%d{yyyy-MM-dd}-%i.log'.
11:36:42,787 |-INFO in ch.qos.logback.core.rolling.SizeAndTimeBasedFNATP@741b3bc3 - Roll-over at midnight.
11:36:42,795 |-INFO in ch.qos.logback.core.rolling.SizeAndTimeBasedFNATP@741b3bc3 - Setting initial period to Thu Jan 13 11:36:00 CST 2022
11:36:42,795 |-WARN in ch.qos.logback.core.rolling.SizeAndTimeBasedFNATP@741b3bc3 - SizeAndTimeBasedFNATP is deprecated. Use SizeAndTimeBasedRollingPolicy instead
11:36:42,795 |-WARN in ch.qos.logback.core.rolling.SizeAndTimeBasedFNATP@741b3bc3 - For more information see http://logback.qos.ch/manual/appenders.html#SizeAndTimeBasedRollingPolicy
11:36:42,802 |-INFO in ch.qos.logback.core.rolling.RollingFileAppender[FILE] - Active log file name: logs/test.txt
11:36:42,802 |-INFO in ch.qos.logback.core.rolling.RollingFileAppender[FILE] - File property is set to [logs/test.txt]
11:36:42,803 |-INFO in ch.qos.logback.core.joran.action.AppenderAction - About to instantiate appender of type [com.epam.reportportal.logback.appender.ReportPortalAppender]
11:36:42,806 |-INFO in ch.qos.logback.core.joran.action.AppenderAction - Naming appender as [RP]
11:36:42,806 |-INFO in ch.qos.logback.core.joran.action.NestedComplexPropertyIA - Assuming default type [ch.qos.logback.classic.encoder.PatternLayoutEncoder] for [encoder] property
11:36:42,807 |-INFO in ch.qos.logback.classic.joran.action.RootLoggerAction - Setting level of ROOT logger to INFO
11:36:42,807 |-INFO in ch.qos.logback.core.joran.action.AppenderRefAction - Attaching appender named [STDOUT] to Logger[ROOT]
11:36:42,807 |-INFO in ch.qos.logback.core.joran.action.AppenderRefAction - Attaching appender named [FILE] to Logger[ROOT]
11:36:42,807 |-INFO in ch.qos.logback.classic.joran.action.ConfigurationAction - End of configuration.
11:36:42,808 |-INFO in ch.qos.logback.classic.joran.JoranConfigurator@2ed3b1f5 - Registering current configuration as safe fallback point

2022-01-13 11:36:44.069 - INFO [com.epam.reportportal.service.Launch: 123] - Rerun: false
[Configuration] [WARN] Detected a static method [com.epam.bdd.utaf.core.runners.UTAFTestRunner.tearDown()]. Static configuration methods can cause  unexpected behavior.
2022-01-13 11:36:44.741 - INFO [com.epam.bdd.utaf.core.utils.PropertiesReader: 43] - Executing scripts for CHROME on LOCAL environment...
2022-01-13 11:36:44.748 - INFO [com.epam.bdd.utaf.core.driver.DriverSingleton: 39] - Test platform is: CHROME
2022-01-13 11:36:44.908 - INFO [io.github.bonigarcia.wdm.WebDriverManager: 587] - Using chromedriver 97.0.4692.71 (resolved driver for Chrome 97)
2022-01-13 11:36:44.932 - INFO [io.github.bonigarcia.wdm.WebDriverManager: 639] - Exporting webdriver.chrome.driver as /Users/samuel_shen/.cache/selenium/chromedriver/mac64/97.0.4692.71/chromedriver
2022-01-13 11:36:44.935 - INFO [com.epam.bdd.utaf.core.utils.PropertiesReader: 43] - Executing scripts for CHROME on LOCAL environment...
2022-01-13 11:36:47.604 - INFO [com.epam.bdd.utaf.core.driver.DriverSingleton: 55] - the current platform is CHROME
2022-01-13 11:36:47.766 - INFO [com.epam.bdd.utaf.core.runners.UTAFTestRunner: 31] - setUp driver CHROME
]]></system-out>
    <system-err><![CDATA[Starting ChromeDriver 97.0.4692.71 (adefa7837d02a07a604c1e6eff0b3a09422ab88d-refs/branch-heads/4692@{#1247}) on port 11999
Only local connections are allowed.
Please see https://chromedriver.chromium.org/security-considerations for suggestions on keeping ChromeDriver safe.
ChromeDriver was started successfully.
Jan 13, 2022 11:36:47 AM org.openqa.selenium.remote.ProtocolHandshake createSession
INFO: Detected dialect: W3C
]]></system-err>
  </testcase>
  <testcase name="runScenario[&quot;Create new repo&quot;, &quot;Create new repository&quot;](2)" classname="com.epam.bdd.utaf.web.runners.WebTestRunner" time="0">
    <skipped message="There are undefined steps"/>
  </testcase>
  <testcase name="runScenario[&quot;verify repo through API&quot;, &quot;Create new repository&quot;](3)" classname="com.epam.bdd.utaf.web.runners.WebTestRunner" time="0">
    <skipped message="There are undefined steps"/>
  </testcase>
  <testcase name="runScenario[&quot;delete repo through API&quot;, &quot;Delete repository&quot;](4)" classname="com.epam.bdd.utaf.web.runners.WebTestRunner" time="0">
    <skipped message="There are undefined steps"/>
  </testcase>
  <testcase name="runScenario[&quot;Verify deleted repo on github website&quot;, &quot;Delete repository&quot;](5)" classname="com.epam.bdd.utaf.web.runners.WebTestRunner" time="0">
    <skipped message="There are undefined steps"/>
  </testcase>
</testsuite>