<?xml version="1.0" encoding="UTF-8"?>
<!-- Generated by org.testng.reporters.JUnitReportReporter -->
<testsuite hostname="EPCNSZUW0363" failures="0" tests="5" name="com.epam.bdd.utaf.web.runners.WebTestRunner" time="5.490" errors="0" timestamp="2022-01-13T11:36:54 CST" skipped="5">
  <testcase classname="com.epam.bdd.utaf.web.runners.WebTestRunner" name="runScenario" time="0.006">
    <skipped/>
  </testcase> <!-- runScenario -->
  <system-out/>
  <testcase classname="com.epam.bdd.utaf.web.runners.WebTestRunner" name="runScenario" time="0.010">
    <skipped/>
  </testcase> <!-- runScenario -->
  <system-out/>
  <testcase classname="com.epam.bdd.utaf.web.runners.WebTestRunner" name="runScenario" time="0.011">
    <skipped/>
  </testcase> <!-- runScenario -->
  <system-out/>
  <testcase classname="com.epam.bdd.utaf.web.runners.WebTestRunner" name="runScenario" time="0.015">
    <skipped/>
  </testcase> <!-- runScenario -->
  <system-out/>
  <testcase classname="com.epam.bdd.utaf.web.runners.WebTestRunner" name="runScenario" time="5.448">
    <skipped/>
  </testcase> <!-- runScenario -->
  <system-out/>
</testsuite> <!-- com.epam.bdd.utaf.web.runners.WebTestRunner -->
